This file contains any messages produced by compilers while
running configure, to aid debugging if configure makes a mistake.

It was created by configure, which was
generated by GNU Autoconf 2.61.  Invocation command line was

  $ /home/dallas/newest/configure --enable-debug=full

## --------- ##
## Platform. ##
## --------- ##

hostname = zoopark
uname -m = x86_64
uname -r = 2.6.21-2-amd64
uname -s = Linux
uname -v = #1 SMP Tue Jul 10 21:39:38 UTC 2007

/usr/bin/uname -p = unknown
/bin/uname -X     = unknown

/bin/arch              = x86_64
/usr/bin/arch -k       = unknown
/usr/convex/getsysinfo = unknown
/usr/bin/hostinfo      = unknown
/bin/machine           = unknown
/usr/bin/oslevel       = unknown
/bin/universe          = unknown

PATH: /usr/local/bin
PATH: /usr/bin
PATH: /bin
PATH: /usr/bin/X11
PATH: /usr/games


## ----------- ##
## Core tests. ##
## ----------- ##

configure:1968: checking for a BSD-compatible install
configure:2024: result: /usr/bin/install -c
configure:2035: checking whether build environment is sane
configure:2078: result: yes
configure:2106: checking for a thread-safe mkdir -p
configure:2145: result: /bin/mkdir -p
configure:2158: checking for gawk
configure:2188: result: no
configure:2158: checking for mawk
configure:2174: found /usr/bin/mawk
configure:2185: result: mawk
configure:2196: checking whether make sets $(MAKE)
configure:2217: result: yes
configure:2460: checking for gcc
configure:2476: found /usr/bin/gcc
configure:2487: result: gcc
configure:2725: checking for C compiler version
configure:2732: gcc --version >&5
gcc (GCC) 4.2.1 (Debian 4.2.1-4)
Copyright (C) 2007 Free Software Foundation, Inc.
This is free software; see the source for copying conditions.  There is NO
warranty; not even for MERCHANTABILITY or FITNESS FOR A PARTICULAR PURPOSE.

configure:2735: $? = 0
configure:2742: gcc -v >&5
Using built-in specs.
Target: x86_64-linux-gnu
Configured with: ../src/configure -v --enable-languages=c,c++,fortran,objc,obj-c++,treelang --prefix=/usr --enable-shared --with-system-zlib --libexecdir=/usr/lib --without-included-gettext --enable-threads=posix --enable-nls --with-gxx-include-dir=/usr/include/c++/4.2 --program-suffix=-4.2 --enable-clocale=gnu --enable-libstdcxx-debug --enable-mpfr --disable-werror --enable-checking=release --build=x86_64-linux-gnu --host=x86_64-linux-gnu --target=x86_64-linux-gnu
Thread model: posix
gcc version 4.2.1 (Debian 4.2.1-4)
configure:2745: $? = 0
configure:2752: gcc -V >&5
gcc: '-V' option must have argument
configure:2755: $? = 1
configure:2778: checking for C compiler default output file name
configure:2805: gcc -O0 -g3    conftest.c  >&5
configure:2808: $? = 0
configure:2846: result: a.out
configure:2863: checking whether the C compiler works
configure:2873: ./a.out
configure:2876: $? = 0
configure:2893: result: yes
configure:2900: checking whether we are cross compiling
configure:2902: result: no
configure:2905: checking for suffix of executables
configure:2912: gcc -o conftest -O0 -g3    conftest.c  >&5
configure:2915: $? = 0
configure:2939: result: 
configure:2945: checking for suffix of object files
configure:2971: gcc -c -O0 -g3   conftest.c >&5
configure:2974: $? = 0
configure:2997: result: o
configure:3001: checking whether we are using the GNU C compiler
configure:3030: gcc -c -O0 -g3   conftest.c >&5
configure:3036: $? = 0
configure:3053: result: yes
configure:3058: checking whether gcc accepts -g
configure:3088: gcc -c -g  conftest.c >&5
configure:3094: $? = 0
configure:3193: result: yes
configure:3210: checking for gcc option to accept ISO C89
configure:3284: gcc  -c -O0 -g3   conftest.c >&5
configure:3290: $? = 0
configure:3313: result: none needed
configure:3342: checking for style of include used by make
configure:3370: result: GNU
configure:3395: checking dependency style of gcc
configure:3486: result: gcc3
configure:3579: checking build system type
configure:3597: result: x86_64-unknown-linux-gnu
configure:3619: checking host system type
configure:3634: result: x86_64-unknown-linux-gnu
configure:3656: checking for a sed that does not truncate output
configure:3710: result: /bin/sed
configure:3713: checking for grep that handles long lines and -e
configure:3787: result: /bin/grep
configure:3792: checking for egrep
configure:3870: result: /bin/grep -E
configure:3886: checking for ld used by gcc
configure:3953: result: /usr/bin/ld
configure:3962: checking if the linker (/usr/bin/ld) is GNU ld
configure:3977: result: yes
configure:3982: checking for /usr/bin/ld option to reload object files
configure:3989: result: -r
configure:4007: checking for BSD-compatible nm
configure:4056: result: /usr/bin/nm -B
configure:4060: checking whether ln -s works
configure:4064: result: yes
configure:4071: checking how to recognise dependent libraries
configure:4247: result: pass_all
configure:4335: gcc -c -O0 -g3   conftest.c >&5
configure:4338: $? = 0
configure:4481: checking how to run the C preprocessor
configure:4521: gcc -E  conftest.c
configure:4527: $? = 0
configure:4558: gcc -E  conftest.c
conftest.c:10:28: error: ac_nonexistent.h: No such file or directory
configure:4564: $? = 1
configure: failed program was:
| /* confdefs.h.  */
| #define PACKAGE_NAME ""
| #define PACKAGE_TARNAME ""
| #define PACKAGE_VERSION ""
| #define PACKAGE_STRING ""
| #define PACKAGE_BUGREPORT ""
| #define PACKAGE "newest"
| #define VERSION "0.1"
| /* end confdefs.h.  */
| #include <ac_nonexistent.h>
configure:4597: result: gcc -E
configure:4626: gcc -E  conftest.c
configure:4632: $? = 0
configure:4663: gcc -E  conftest.c
conftest.c:10:28: error: ac_nonexistent.h: No such file or directory
configure:4669: $? = 1
configure: failed program was:
| /* confdefs.h.  */
| #define PACKAGE_NAME ""
| #define PACKAGE_TARNAME ""
| #define PACKAGE_VERSION ""
| #define PACKAGE_STRING ""
| #define PACKAGE_BUGREPORT ""
| #define PACKAGE "newest"
| #define VERSION "0.1"
| /* end confdefs.h.  */
| #include <ac_nonexistent.h>
configure:4707: checking for ANSI C header files
configure:4737: gcc -c -O0 -g3   conftest.c >&5
configure:4743: $? = 0
configure:4842: gcc -o conftest -O0 -g3    conftest.c  >&5
configure:4845: $? = 0
configure:4851: ./conftest
configure:4854: $? = 0
configure:4871: result: yes
configure:4895: checking for sys/types.h
configure:4916: gcc -c -O0 -g3   conftest.c >&5
configure:4922: $? = 0
configure:4938: result: yes
configure:4895: checking for sys/stat.h
configure:4916: gcc -c -O0 -g3   conftest.c >&5
configure:4922: $? = 0
configure:4938: result: yes
configure:4895: checking for stdlib.h
configure:4916: gcc -c -O0 -g3   conftest.c >&5
configure:4922: $? = 0
configure:4938: result: yes
configure:4895: checking for string.h
configure:4916: gcc -c -O0 -g3   conftest.c >&5
configure:4922: $? = 0
configure:4938: result: yes
configure:4895: checking for memory.h
configure:4916: gcc -c -O0 -g3   conftest.c >&5
configure:4922: $? = 0
configure:4938: result: yes
configure:4895: checking for strings.h
configure:4916: gcc -c -O0 -g3   conftest.c >&5
configure:4922: $? = 0
configure:4938: result: yes
configure:4895: checking for inttypes.h
configure:4916: gcc -c -O0 -g3   conftest.c >&5
configure:4922: $? = 0
configure:4938: result: yes
configure:4895: checking for stdint.h
configure:4916: gcc -c -O0 -g3   conftest.c >&5
configure:4922: $? = 0
configure:4938: result: yes
configure:4895: checking for unistd.h
configure:4916: gcc -c -O0 -g3   conftest.c >&5
configure:4922: $? = 0
configure:4938: result: yes
configure:4965: checking dlfcn.h usability
configure:4982: gcc -c -O0 -g3   conftest.c >&5
configure:4988: $? = 0
configure:5002: result: yes
configure:5006: checking dlfcn.h presence
configure:5021: gcc -E  conftest.c
configure:5027: $? = 0
configure:5041: result: yes
configure:5069: checking for dlfcn.h
configure:5077: result: yes
configure:5148: checking for g++
configure:5178: result: no
configure:5148: checking for c++
configure:5178: result: no
configure:5148: checking for gpp
configure:5178: result: no
configure:5148: checking for aCC
configure:5178: result: no
configure:5148: checking for CC
configure:5178: result: no
configure:5148: checking for cxx
configure:5178: result: no
configure:5148: checking for cc++
configure:5178: result: no
configure:5148: checking for cl.exe
configure:5178: result: no
configure:5148: checking for FCC
configure:5178: result: no
configure:5148: checking for KCC
configure:5178: result: no
configure:5148: checking for RCC
configure:5178: result: no
configure:5148: checking for xlC_r
configure:5178: result: no
configure:5148: checking for xlC
configure:5178: result: no
configure:5206: checking for C++ compiler version
configure:5213: g++ --version >&5
/home/dallas/newest/configure: line 5214: g++: command not found
configure:5216: $? = 127
configure:5223: g++ -v >&5
/home/dallas/newest/configure: line 5224: g++: command not found
configure:5226: $? = 127
configure:5233: g++ -V >&5
/home/dallas/newest/configure: line 5234: g++: command not found
configure:5236: $? = 127
configure:5239: checking whether we are using the GNU C++ compiler
configure:5268: g++ -c   conftest.cpp >&5
/home/dallas/newest/configure: line 5269: g++: command not found
configure:5274: $? = 127
configure: failed program was:
| /* confdefs.h.  */
| #define PACKAGE_NAME ""
| #define PACKAGE_TARNAME ""
| #define PACKAGE_VERSION ""
| #define PACKAGE_STRING ""
| #define PACKAGE_BUGREPORT ""
| #define PACKAGE "newest"
| #define VERSION "0.1"
| #define STDC_HEADERS 1
| #define HAVE_SYS_TYPES_H 1
| #define HAVE_SYS_STAT_H 1
| #define HAVE_STDLIB_H 1
| #define HAVE_STRING_H 1
| #define HAVE_MEMORY_H 1
| #define HAVE_STRINGS_H 1
| #define HAVE_INTTYPES_H 1
| #define HAVE_STDINT_H 1
| #define HAVE_UNISTD_H 1
| #define HAVE_DLFCN_H 1
| /* end confdefs.h.  */
| 
| int
| main ()
| {
| #ifndef __GNUC__
|        choke me
| #endif
| 
|   ;
|   return 0;
| }
configure:5291: result: no
configure:5296: checking whether g++ accepts -g
configure:5326: g++ -c -g  conftest.cpp >&5
/home/dallas/newest/configure: line 5327: g++: command not found
configure:5332: $? = 127
configure: failed program was:
| /* confdefs.h.  */
| #define PACKAGE_NAME ""
| #define PACKAGE_TARNAME ""
| #define PACKAGE_VERSION ""
| #define PACKAGE_STRING ""
| #define PACKAGE_BUGREPORT ""
| #define PACKAGE "newest"
| #define VERSION "0.1"
| #define STDC_HEADERS 1
| #define HAVE_SYS_TYPES_H 1
| #define HAVE_SYS_STAT_H 1
| #define HAVE_STDLIB_H 1
| #define HAVE_STRING_H 1
| #define HAVE_MEMORY_H 1
| #define HAVE_STRINGS_H 1
| #define HAVE_INTTYPES_H 1
| #define HAVE_STDINT_H 1
| #define HAVE_UNISTD_H 1
| #define HAVE_DLFCN_H 1
| /* end confdefs.h.  */
| 
| int
| main ()
| {
| 
|   ;
|   return 0;
| }
configure:5364: g++ -c   conftest.cpp >&5
/home/dallas/newest/configure: line 5365: g++: command not found
configure:5370: $? = 127
configure: failed program was:
| /* confdefs.h.  */
| #define PACKAGE_NAME ""
| #define PACKAGE_TARNAME ""
| #define PACKAGE_VERSION ""
| #define PACKAGE_STRING ""
| #define PACKAGE_BUGREPORT ""
| #define PACKAGE "newest"
| #define VERSION "0.1"
| #define STDC_HEADERS 1
| #define HAVE_SYS_TYPES_H 1
| #define HAVE_SYS_STAT_H 1
| #define HAVE_STDLIB_H 1
| #define HAVE_STRING_H 1
| #define HAVE_MEMORY_H 1
| #define HAVE_STRINGS_H 1
| #define HAVE_INTTYPES_H 1
| #define HAVE_STDINT_H 1
| #define HAVE_UNISTD_H 1
| #define HAVE_DLFCN_H 1
| /* end confdefs.h.  */
| 
| int
| main ()
| {
| 
|   ;
|   return 0;
| }
configure:5403: g++ -c -g  conftest.cpp >&5
/home/dallas/newest/configure: line 5404: g++: command not found
configure:5409: $? = 127
configure: failed program was:
| /* confdefs.h.  */
| #define PACKAGE_NAME ""
| #define PACKAGE_TARNAME ""
| #define PACKAGE_VERSION ""
| #define PACKAGE_STRING ""
| #define PACKAGE_BUGREPORT ""
| #define PACKAGE "newest"
| #define VERSION "0.1"
| #define STDC_HEADERS 1
| #define HAVE_SYS_TYPES_H 1
| #define HAVE_SYS_STAT_H 1
| #define HAVE_STDLIB_H 1
| #define HAVE_STRING_H 1
| #define HAVE_MEMORY_H 1
| #define HAVE_STRINGS_H 1
| #define HAVE_INTTYPES_H 1
| #define HAVE_STDINT_H 1
| #define HAVE_UNISTD_H 1
| #define HAVE_DLFCN_H 1
| /* end confdefs.h.  */
| 
| int
| main ()
| {
| 
|   ;
|   return 0;
| }
configure:5431: result: no
configure:5456: checking dependency style of g++
configure:5547: result: none
configure:5849: checking for g77
configure:5879: result: no
configure:5849: checking for xlf
configure:5879: result: no
configure:5849: checking for f77
configure:5879: result: no
configure:5849: checking for frt
configure:5879: result: no
configure:5849: checking for pgf77
configure:5879: result: no
configure:5849: checking for cf77
configure:5879: result: no
configure:5849: checking for fort77
configure:5879: result: no
configure:5849: checking for fl32
configure:5879: result: no
configure:5849: checking for af77
configure:5879: result: no
configure:5849: checking for xlf90
configure:5879: result: no
configure:5849: checking for f90
configure:5879: result: no
configure:5849: checking for pgf90
configure:5879: result: no
configure:5849: checking for pghpf
configure:5879: result: no
configure:5849: checking for epcf90
configure:5879: result: no
configure:5849: checking for gfortran
configure:5879: result: no
configure:5849: checking for g95
configure:5879: result: no
configure:5849: checking for xlf95
configure:5879: result: no
configure:5849: checking for f95
configure:5879: result: no
configure:5849: checking for fort
configure:5879: result: no
configure:5849: checking for ifort
configure:5879: result: no
configure:5849: checking for ifc
configure:5879: result: no
configure:5849: checking for efc
configure:5879: result: no
configure:5849: checking for pgf95
configure:5879: result: no
configure:5849: checking for lf95
configure:5879: result: no
configure:5849: checking for ftn
configure:5879: result: no
configure:5906: checking for Fortran 77 compiler version
configure:5913:  --version >&5
/home/dallas/newest/configure: line 5914: --version: command not found
configure:5916: $? = 127
configure:5923:  -v >&5
/home/dallas/newest/configure: line 5924: -v: command not found
configure:5926: $? = 127
configure:5933:  -V >&5
/home/dallas/newest/configure: line 5934: -V: command not found
configure:5936: $? = 127
configure:5944: checking whether we are using the GNU Fortran 77 compiler
configure:5963:  -c  conftest.F >&5
/home/dallas/newest/configure: line 5964: -c: command not found
configure:5969: $? = 127
configure: failed program was:
|       program main
| #ifndef __GNUC__
|        choke me
| #endif
| 
|       end
configure:5986: result: no
configure:5992: checking whether  accepts -g
configure:6009:  -c -g conftest.f >&5
/home/dallas/newest/configure: line 6010: -c: command not found
configure:6015: $? = 127
configure: failed program was:
|       program main
| 
|       end
configure:6031: result: no
configure:6061: checking the maximum length of command line arguments
configure:6170: result: 32768
configure:6181: checking command to parse /usr/bin/nm -B output from gcc object
configure:6286: gcc -c -O0 -g3   conftest.c >&5
configure:6289: $? = 0
configure:6293: /usr/bin/nm -B conftest.o \| sed -n -e 's/^.*[ 	]\([ABCDGIRSTW][ABCDGIRSTW]*\)[ 	][ 	]*\([_A-Za-z][_A-Za-z0-9]*\)$/\1 \2 \2/p' \> conftest.nm
configure:6296: $? = 0
configure:6348: gcc -o conftest -O0 -g3    conftest.c conftstm.o >&5
configure:6351: $? = 0
configure:6389: result: ok
configure:6393: checking for objdir
configure:6408: result: .libs
configure:6500: checking for ar
configure:6516: found /usr/bin/ar
configure:6527: result: ar
configure:6596: checking for ranlib
configure:6612: found /usr/bin/ranlib
configure:6623: result: ranlib
configure:6692: checking for strip
configure:6708: found /usr/bin/strip
configure:6719: result: strip
configure:7005: checking if gcc supports -fno-rtti -fno-exceptions
configure:7023: gcc -c -O0 -g3   -fno-rtti -fno-exceptions conftest.c >&5
cc1: warning: command line option "-fno-rtti" is valid for C++/ObjC++ but not for C
configure:7027: $? = 0
configure:7040: result: no
configure:7055: checking for gcc option to produce PIC
configure:7265: result: -fPIC
configure:7273: checking if gcc PIC flag -fPIC works
configure:7291: gcc -c -O0 -g3   -fPIC -DPIC conftest.c >&5
configure:7295: $? = 0
configure:7308: result: yes
configure:7336: checking if gcc static flag -static works
configure:7364: result: yes
configure:7374: checking if gcc supports -c -o file.o
configure:7395: gcc -c -O0 -g3   -o out/conftest2.o conftest.c >&5
configure:7399: $? = 0
configure:7421: result: yes
configure:7447: checking whether the gcc linker (/usr/bin/ld -m elf_x86_64) supports shared libraries
configure:8402: result: yes
configure:8423: checking whether -lc should be explicitly linked in
configure:8428: gcc -c -O0 -g3   conftest.c >&5
configure:8431: $? = 0
configure:8446: gcc -shared conftest.o  -v -Wl,-soname -Wl,conftest -o conftest 2\>\&1 \| grep  -lc  \>/dev/null 2\>\&1
configure:8449: $? = 0
configure:8461: result: no
configure:8469: checking dynamic linker characteristics
configure:9045: result: GNU/Linux ld.so
configure:9054: checking how to hardcode library paths into programs
configure:9079: result: immediate
configure:9093: checking whether stripping libraries is possible
configure:9098: result: yes
configure:9899: checking if libtool supports shared libraries
configure:9901: result: yes
configure:9904: checking whether to build shared libraries
configure:9925: result: yes
configure:9928: checking whether to build static libraries
configure:9932: result: yes
configure:10024: creating libtool
configure:19231: creating ./config.status

## ---------------------- ##
## Running config.status. ##
## ---------------------- ##

This file was extended by config.status, which was
generated by GNU Autoconf 2.61.  Invocation command line was

  CONFIG_FILES    = 
  CONFIG_HEADERS  = 
  CONFIG_LINKS    = 
  CONFIG_COMMANDS = 
  $ ./config.status 

on zoopark

config.status:662: creating Makefile
config.status:662: creating src/Makefile
config.status:662: creating config.h
config.status:928: executing depfiles commands

## ---------------- ##
## Cache variables. ##
## ---------------- ##

ac_cv_build=x86_64-unknown-linux-gnu
ac_cv_c_compiler_gnu=yes
ac_cv_cxx_compiler_gnu=no
ac_cv_env_CCC_set=
ac_cv_env_CCC_value=
ac_cv_env_CC_set=
ac_cv_env_CC_value=
ac_cv_env_CFLAGS_set=set
ac_cv_env_CFLAGS_value='-O0 -g3 '
ac_cv_env_CPPFLAGS_set=
ac_cv_env_CPPFLAGS_value=
ac_cv_env_CPP_set=
ac_cv_env_CPP_value=
ac_cv_env_CXXCPP_set=
ac_cv_env_CXXCPP_value=
ac_cv_env_CXXFLAGS_set=
ac_cv_env_CXXFLAGS_value=
ac_cv_env_CXX_set=
ac_cv_env_CXX_value=
ac_cv_env_F77_set=
ac_cv_env_F77_value=
ac_cv_env_FFLAGS_set=
ac_cv_env_FFLAGS_value=
ac_cv_env_LDFLAGS_set=
ac_cv_env_LDFLAGS_value=
ac_cv_env_LIBS_set=
ac_cv_env_LIBS_value=
ac_cv_env_build_alias_set=
ac_cv_env_build_alias_value=
ac_cv_env_host_alias_set=
ac_cv_env_host_alias_value=
ac_cv_env_target_alias_set=
ac_cv_env_target_alias_value=
ac_cv_f77_compiler_gnu=no
ac_cv_header_dlfcn_h=yes
ac_cv_header_inttypes_h=yes
ac_cv_header_memory_h=yes
ac_cv_header_stdc=yes
ac_cv_header_stdint_h=yes
ac_cv_header_stdlib_h=yes
ac_cv_header_string_h=yes
ac_cv_header_strings_h=yes
ac_cv_header_sys_stat_h=yes
ac_cv_header_sys_types_h=yes
ac_cv_header_unistd_h=yes
ac_cv_host=x86_64-unknown-linux-gnu
ac_cv_objext=o
ac_cv_path_EGREP='/bin/grep -E'
ac_cv_path_GREP=/bin/grep
ac_cv_path_install='/usr/bin/install -c'
ac_cv_path_mkdir=/bin/mkdir
ac_cv_prog_AWK=mawk
ac_cv_prog_CPP='gcc -E'
ac_cv_prog_ac_ct_AR=ar
ac_cv_prog_ac_ct_CC=gcc
ac_cv_prog_ac_ct_RANLIB=ranlib
ac_cv_prog_ac_ct_STRIP=strip
ac_cv_prog_cc_c89=
ac_cv_prog_cc_g=yes
ac_cv_prog_cxx_g=no
ac_cv_prog_f77_g=no
ac_cv_prog_make_make_set=yes
am_cv_CC_dependencies_compiler_type=gcc3
am_cv_CXX_dependencies_compiler_type=none
lt_cv_deplibs_check_method=pass_all
lt_cv_file_magic_cmd='$MAGIC_CMD'
lt_cv_file_magic_test_file=
lt_cv_ld_reload_flag=-r
lt_cv_objdir=.libs
lt_cv_path_LD=/usr/bin/ld
lt_cv_path_NM='/usr/bin/nm -B'
lt_cv_path_SED=/bin/sed
lt_cv_prog_compiler_c_o=yes
lt_cv_prog_compiler_rtti_exceptions=no
lt_cv_prog_gnu_ld=yes
lt_cv_sys_global_symbol_pipe='sed -n -e '\''s/^.*[ 	]\([ABCDGIRSTW][ABCDGIRSTW]*\)[ 	][ 	]*\([_A-Za-z][_A-Za-z0-9]*\)$/\1 \2 \2/p'\'''
lt_cv_sys_global_symbol_to_c_name_address='sed -n -e '\''s/^: \([^ ]*\) $/  {\"\1\", (lt_ptr) 0},/p'\'' -e '\''s/^[BCDEGRST] \([^ ]*\) \([^ ]*\)$/  {"\2", (lt_ptr) \&\2},/p'\'''
lt_cv_sys_global_symbol_to_cdecl='sed -n -e '\''s/^. .* \(.*\)$/extern int \1;/p'\'''
lt_cv_sys_max_cmd_len=32768
lt_lt_cv_prog_compiler_c_o='"yes"'
lt_lt_cv_sys_global_symbol_pipe='"sed -n -e '\''s/^.*[ 	]\\([ABCDGIRSTW][ABCDGIRSTW]*\\)[ 	][ 	]*\\([_A-Za-z][_A-Za-z0-9]*\\)\$/\\1 \\2 \\2/p'\''"'
lt_lt_cv_sys_global_symbol_to_c_name_address='"sed -n -e '\''s/^: \\([^ ]*\\) \$/  {\\\"\\1\\\", (lt_ptr) 0},/p'\'' -e '\''s/^[BCDEGRST] \\([^ ]*\\) \\([^ ]*\\)\$/  {\"\\2\", (lt_ptr) \\&\\2},/p'\''"'
lt_lt_cv_sys_global_symbol_to_cdecl='"sed -n -e '\''s/^. .* \\(.*\\)\$/extern int \\1;/p'\''"'

## ----------------- ##
## Output variables. ##
## ----------------- ##

ACLOCAL='${SHELL} /home/dallas/newest/missing --run aclocal-1.10'
AMDEPBACKSLASH='\'
AMDEP_FALSE='#'
AMDEP_TRUE=''
AMTAR='${SHELL} /home/dallas/newest/missing --run tar'
AR='ar'
AUTOCONF='${SHELL} /home/dallas/newest/missing --run autoconf'
AUTOHEADER='${SHELL} /home/dallas/newest/missing --run autoheader'
AUTOMAKE='${SHELL} /home/dallas/newest/missing --run automake-1.10'
AWK='mawk'
CC='gcc'
CCDEPMODE='depmode=gcc3'
CFLAGS='-O0 -g3 '
CPP='gcc -E'
CPPFLAGS=''
CXX='g++'
CXXCPP=''
CXXDEPMODE='depmode=none'
CXXFLAGS=''
CYGPATH_W='echo'
DEFS='-DHAVE_CONFIG_H'
DEPDIR='.deps'
ECHO='echo'
ECHO_C=''
ECHO_N='-n'
ECHO_T=''
EGREP='/bin/grep -E'
EXEEXT=''
F77=''
FFLAGS=''
GREP='/bin/grep'
INSTALL_DATA='${INSTALL} -m 644'
INSTALL_PROGRAM='${INSTALL}'
INSTALL_SCRIPT='${INSTALL}'
INSTALL_STRIP_PROGRAM='$(install_sh) -c -s'
LDFLAGS=''
LIBOBJS=''
LIBS=''
LIBTOOL='$(SHELL) $(top_builddir)/libtool'
LN_S='ln -s'
LTLIBOBJS=''
MAKEINFO='${SHELL} /home/dallas/newest/missing --run makeinfo'
OBJEXT='o'
PACKAGE='newest'
PACKAGE_BUGREPORT=''
PACKAGE_NAME=''
PACKAGE_STRING=''
PACKAGE_TARNAME=''
PACKAGE_VERSION=''
PATH_SEPARATOR=':'
RANLIB='ranlib'
SET_MAKE=''
SHELL='/bin/sh'
STRIP='strip'
VERSION='0.1'
ac_ct_CC='gcc'
ac_ct_CXX=''
ac_ct_F77=''
am__fastdepCC_FALSE='#'
am__fastdepCC_TRUE=''
am__fastdepCXX_FALSE=''
am__fastdepCXX_TRUE='#'
am__include='include'
am__isrc=' -I$(srcdir)'
am__leading_dot='.'
am__quote=''
am__tar='${AMTAR} chof - "$$tardir"'
am__untar='${AMTAR} xf -'
bindir='${exec_prefix}/bin'
build='x86_64-unknown-linux-gnu'
build_alias=''
build_cpu='x86_64'
build_os='linux-gnu'
build_vendor='unknown'
datadir='${datarootdir}'
datarootdir='${prefix}/share'
docdir='${datarootdir}/doc/${PACKAGE}'
dvidir='${docdir}'
exec_prefix='${prefix}'
host='x86_64-unknown-linux-gnu'
host_alias=''
host_cpu='x86_64'
host_os='linux-gnu'
host_vendor='unknown'
htmldir='${docdir}'
includedir='${prefix}/include'
infodir='${datarootdir}/info'
install_sh='$(SHELL) /home/dallas/newest/install-sh'
libdir='${exec_prefix}/lib'
libexecdir='${exec_prefix}/libexec'
localedir='${datarootdir}/locale'
localstatedir='${prefix}/var'
mandir='${datarootdir}/man'
mkdir_p='/bin/mkdir -p'
oldincludedir='/usr/include'
pdfdir='${docdir}'
prefix='/usr/local'
program_transform_name='s,x,x,'
psdir='${docdir}'
sbindir='${exec_prefix}/sbin'
sharedstatedir='${prefix}/com'
sysconfdir='${prefix}/etc'
target_alias=''

## ----------- ##
## confdefs.h. ##
## ----------- ##

#define PACKAGE_NAME ""
#define PACKAGE_TARNAME ""
#define PACKAGE_VERSION ""
#define PACKAGE_STRING ""
#define PACKAGE_BUGREPORT ""
#define PACKAGE "newest"
#define VERSION "0.1"
#define STDC_HEADERS 1
#define HAVE_SYS_TYPES_H 1
#define HAVE_SYS_STAT_H 1
#define HAVE_STDLIB_H 1
#define HAVE_STRING_H 1
#define HAVE_MEMORY_H 1
#define HAVE_STRINGS_H 1
#define HAVE_INTTYPES_H 1
#define HAVE_STDINT_H 1
#define HAVE_UNISTD_H 1
#define HAVE_DLFCN_H 1

configure: exit 0
