This file contains any messages produced by compilers while
running configure, to aid debugging if configure makes a mistake.

It was created by configure, which was
generated by GNU Autoconf 2.61.  Invocation command line was

  $ ./configure --no-create --no-recursion

## --------- ##
## Platform. ##
## --------- ##

hostname = zoopark
uname -m = x86_64
uname -r = 2.6.21-2-amd64
uname -s = Linux
uname -v = #1 SMP Tue Jul 10 21:39:38 UTC 2007

/usr/bin/uname -p = unknown
/bin/uname -X     = unknown

/bin/arch              = x86_64
/usr/bin/arch -k       = unknown
/usr/convex/getsysinfo = unknown
/usr/bin/hostinfo      = unknown
/bin/machine           = unknown
/usr/bin/oslevel       = unknown
/bin/universe          = unknown

PATH: /usr/local/bin
PATH: /usr/bin
PATH: /bin
PATH: /usr/bin/X11
PATH: /usr/games


## ----------- ##
## Core tests. ##
## ----------- ##

configure:2061: checking for a BSD-compatible install
configure:2117: result: /usr/bin/install -c
configure:2128: checking whether build environment is sane
configure:2171: result: yes
configure:2199: checking for a thread-safe mkdir -p
configure:2238: result: /bin/mkdir -p
configure:2251: checking for gawk
configure:2281: result: no
configure:2251: checking for mawk
configure:2267: found /usr/bin/mawk
configure:2278: result: mawk
configure:2289: checking whether make sets $(MAKE)
configure:2310: result: yes
configure:2547: checking for gcc
configure:2563: found /usr/bin/gcc
configure:2574: result: gcc
configure:2812: checking for C compiler version
configure:2819: gcc --version >&5
gcc (GCC) 4.2.3 20071014 (prerelease) (Debian 4.2.2-3)
Copyright (C) 2007 Free Software Foundation, Inc.
This is free software; see the source for copying conditions.  There is NO
warranty; not even for MERCHANTABILITY or FITNESS FOR A PARTICULAR PURPOSE.

configure:2822: $? = 0
configure:2829: gcc -v >&5
Using built-in specs.
Target: x86_64-linux-gnu
Configured with: ../src/configure -v --enable-languages=c,c++,fortran,objc,obj-c++,treelang --prefix=/usr --enable-shared --with-system-zlib --libexecdir=/usr/lib --without-included-gettext --enable-threads=posix --enable-nls --with-gxx-include-dir=/usr/include/c++/4.2 --program-suffix=-4.2 --enable-clocale=gnu --enable-libstdcxx-debug --enable-mpfr --enable-checking=release --build=x86_64-linux-gnu --host=x86_64-linux-gnu --target=x86_64-linux-gnu
Thread model: posix
gcc version 4.2.3 20071014 (prerelease) (Debian 4.2.2-3)
configure:2832: $? = 0
configure:2839: gcc -V >&5
gcc: '-V' option must have argument
configure:2842: $? = 1
configure:2865: checking for C compiler default output file name
configure:2892: gcc    conftest.c  >&5
configure:2895: $? = 0
configure:2933: result: a.out
configure:2950: checking whether the C compiler works
configure:2960: ./a.out
configure:2963: $? = 0
configure:2980: result: yes
configure:2987: checking whether we are cross compiling
configure:2989: result: no
configure:2992: checking for suffix of executables
configure:2999: gcc -o conftest    conftest.c  >&5
configure:3002: $? = 0
configure:3026: result: 
configure:3032: checking for suffix of object files
configure:3058: gcc -c   conftest.c >&5
configure:3061: $? = 0
configure:3084: result: o
configure:3088: checking whether we are using the GNU C compiler
configure:3117: gcc -c   conftest.c >&5
configure:3123: $? = 0
configure:3140: result: yes
configure:3145: checking whether gcc accepts -g
configure:3175: gcc -c -g  conftest.c >&5
configure:3181: $? = 0
configure:3280: result: yes
configure:3297: checking for gcc option to accept ISO C89
configure:3371: gcc  -c -g -O2  conftest.c >&5
configure:3377: $? = 0
configure:3400: result: none needed
configure:3429: checking for style of include used by make
configure:3457: result: GNU
configure:3482: checking dependency style of gcc
configure:3573: result: gcc3
configure:3631: checking for ranlib
configure:3647: found /usr/bin/ranlib
configure:3658: result: ranlib
configure:3696: checking how to run the C preprocessor
configure:3736: gcc -E  conftest.c
configure:3742: $? = 0
configure:3773: gcc -E  conftest.c
conftest.c:11:28: error: ac_nonexistent.h: No such file or directory
configure:3779: $? = 1
configure: failed program was:
| /* confdefs.h.  */
| #define PACKAGE_NAME ""
| #define PACKAGE_TARNAME ""
| #define PACKAGE_VERSION ""
| #define PACKAGE_STRING ""
| #define PACKAGE_BUGREPORT ""
| #define PACKAGE "newest"
| #define VERSION "0.1"
| #define _GNU_SOURCE 1
| /* end confdefs.h.  */
| #include <ac_nonexistent.h>
configure:3812: result: gcc -E
configure:3841: gcc -E  conftest.c
configure:3847: $? = 0
configure:3878: gcc -E  conftest.c
conftest.c:11:28: error: ac_nonexistent.h: No such file or directory
configure:3884: $? = 1
configure: failed program was:
| /* confdefs.h.  */
| #define PACKAGE_NAME ""
| #define PACKAGE_TARNAME ""
| #define PACKAGE_VERSION ""
| #define PACKAGE_STRING ""
| #define PACKAGE_BUGREPORT ""
| #define PACKAGE "newest"
| #define VERSION "0.1"
| #define _GNU_SOURCE 1
| /* end confdefs.h.  */
| #include <ac_nonexistent.h>
configure:3922: checking for grep that handles long lines and -e
configure:3996: result: /bin/grep
configure:4001: checking for egrep
configure:4079: result: /bin/grep -E
configure:4084: checking for ANSI C header files
configure:4114: gcc -c -g -O2  conftest.c >&5
configure:4120: $? = 0
configure:4219: gcc -o conftest -g -O2   conftest.c  >&5
configure:4222: $? = 0
configure:4228: ./conftest
configure:4231: $? = 0
configure:4248: result: yes
configure:4272: checking for sys/types.h
configure:4293: gcc -c -g -O2  conftest.c >&5
configure:4299: $? = 0
configure:4315: result: yes
configure:4272: checking for sys/stat.h
configure:4293: gcc -c -g -O2  conftest.c >&5
configure:4299: $? = 0
configure:4315: result: yes
configure:4272: checking for stdlib.h
configure:4293: gcc -c -g -O2  conftest.c >&5
configure:4299: $? = 0
configure:4315: result: yes
configure:4272: checking for string.h
configure:4293: gcc -c -g -O2  conftest.c >&5
configure:4299: $? = 0
configure:4315: result: yes
configure:4272: checking for memory.h
configure:4293: gcc -c -g -O2  conftest.c >&5
configure:4299: $? = 0
configure:4315: result: yes
configure:4272: checking for strings.h
configure:4293: gcc -c -g -O2  conftest.c >&5
configure:4299: $? = 0
configure:4315: result: yes
configure:4272: checking for inttypes.h
configure:4293: gcc -c -g -O2  conftest.c >&5
configure:4299: $? = 0
configure:4315: result: yes
configure:4272: checking for stdint.h
configure:4293: gcc -c -g -O2  conftest.c >&5
configure:4299: $? = 0
configure:4315: result: yes
configure:4272: checking for unistd.h
configure:4293: gcc -c -g -O2  conftest.c >&5
configure:4299: $? = 0
configure:4315: result: yes
configure:4338: checking minix/config.h usability
configure:4355: gcc -c -g -O2  conftest.c >&5
conftest.c:54:26: error: minix/config.h: No such file or directory
configure:4361: $? = 1
configure: failed program was:
| /* confdefs.h.  */
| #define PACKAGE_NAME ""
| #define PACKAGE_TARNAME ""
| #define PACKAGE_VERSION ""
| #define PACKAGE_STRING ""
| #define PACKAGE_BUGREPORT ""
| #define PACKAGE "newest"
| #define VERSION "0.1"
| #define _GNU_SOURCE 1
| #define STDC_HEADERS 1
| #define HAVE_SYS_TYPES_H 1
| #define HAVE_SYS_STAT_H 1
| #define HAVE_STDLIB_H 1
| #define HAVE_STRING_H 1
| #define HAVE_MEMORY_H 1
| #define HAVE_STRINGS_H 1
| #define HAVE_INTTYPES_H 1
| #define HAVE_STDINT_H 1
| #define HAVE_UNISTD_H 1
| /* end confdefs.h.  */
| #include <stdio.h>
| #ifdef HAVE_SYS_TYPES_H
| # include <sys/types.h>
| #endif
| #ifdef HAVE_SYS_STAT_H
| # include <sys/stat.h>
| #endif
| #ifdef STDC_HEADERS
| # include <stdlib.h>
| # include <stddef.h>
| #else
| # ifdef HAVE_STDLIB_H
| #  include <stdlib.h>
| # endif
| #endif
| #ifdef HAVE_STRING_H
| # if !defined STDC_HEADERS && defined HAVE_MEMORY_H
| #  include <memory.h>
| # endif
| # include <string.h>
| #endif
| #ifdef HAVE_STRINGS_H
| # include <strings.h>
| #endif
| #ifdef HAVE_INTTYPES_H
| # include <inttypes.h>
| #endif
| #ifdef HAVE_STDINT_H
| # include <stdint.h>
| #endif
| #ifdef HAVE_UNISTD_H
| # include <unistd.h>
| #endif
| #include <minix/config.h>
configure:4375: result: no
configure:4379: checking minix/config.h presence
configure:4394: gcc -E  conftest.c
conftest.c:21:26: error: minix/config.h: No such file or directory
configure:4400: $? = 1
configure: failed program was:
| /* confdefs.h.  */
| #define PACKAGE_NAME ""
| #define PACKAGE_TARNAME ""
| #define PACKAGE_VERSION ""
| #define PACKAGE_STRING ""
| #define PACKAGE_BUGREPORT ""
| #define PACKAGE "newest"
| #define VERSION "0.1"
| #define _GNU_SOURCE 1
| #define STDC_HEADERS 1
| #define HAVE_SYS_TYPES_H 1
| #define HAVE_SYS_STAT_H 1
| #define HAVE_STDLIB_H 1
| #define HAVE_STRING_H 1
| #define HAVE_MEMORY_H 1
| #define HAVE_STRINGS_H 1
| #define HAVE_INTTYPES_H 1
| #define HAVE_STDINT_H 1
| #define HAVE_UNISTD_H 1
| /* end confdefs.h.  */
| #include <minix/config.h>
configure:4414: result: no
configure:4442: checking for minix/config.h
configure:4449: result: no
configure:4480: checking whether it is safe to define __EXTENSIONS__
configure:4508: gcc -c -g -O2  conftest.c >&5
configure:4514: $? = 0
configure:4529: result: yes
configure:4645: checking build system type
configure:4663: result: x86_64-unknown-linux-gnu
configure:4685: checking host system type
configure:4700: result: x86_64-unknown-linux-gnu
configure:4722: checking for a sed that does not truncate output
configure:4776: result: /bin/sed
configure:4790: checking for ld used by gcc
configure:4857: result: /usr/bin/ld
configure:4866: checking if the linker (/usr/bin/ld) is GNU ld
configure:4881: result: yes
configure:4886: checking for /usr/bin/ld option to reload object files
configure:4893: result: -r
configure:4911: checking for BSD-compatible nm
configure:4960: result: /usr/bin/nm -B
configure:4964: checking whether ln -s works
configure:4968: result: yes
configure:4975: checking how to recognise dependent libraries
configure:5151: result: pass_all
configure:5238: gcc -c -g -O2  conftest.c >&5
configure:5241: $? = 0
configure:5394: checking dlfcn.h usability
configure:5411: gcc -c -g -O2  conftest.c >&5
configure:5417: $? = 0
configure:5431: result: yes
configure:5435: checking dlfcn.h presence
configure:5450: gcc -E  conftest.c
configure:5456: $? = 0
configure:5470: result: yes
configure:5498: checking for dlfcn.h
configure:5506: result: yes
configure:5577: checking for g++
configure:5607: result: no
configure:5577: checking for c++
configure:5607: result: no
configure:5577: checking for gpp
configure:5607: result: no
configure:5577: checking for aCC
configure:5607: result: no
configure:5577: checking for CC
configure:5607: result: no
configure:5577: checking for cxx
configure:5607: result: no
configure:5577: checking for cc++
configure:5607: result: no
configure:5577: checking for cl.exe
configure:5607: result: no
configure:5577: checking for FCC
configure:5607: result: no
configure:5577: checking for KCC
configure:5607: result: no
configure:5577: checking for RCC
configure:5607: result: no
configure:5577: checking for xlC_r
configure:5607: result: no
configure:5577: checking for xlC
configure:5607: result: no
configure:5635: checking for C++ compiler version
configure:5642: g++ --version >&5
./configure: line 5643: g++: command not found
configure:5645: $? = 127
configure:5652: g++ -v >&5
./configure: line 5653: g++: command not found
configure:5655: $? = 127
configure:5662: g++ -V >&5
./configure: line 5663: g++: command not found
configure:5665: $? = 127
configure:5668: checking whether we are using the GNU C++ compiler
configure:5697: g++ -c   conftest.cpp >&5
./configure: line 5698: g++: command not found
configure:5703: $? = 127
configure: failed program was:
| /* confdefs.h.  */
| #define PACKAGE_NAME ""
| #define PACKAGE_TARNAME ""
| #define PACKAGE_VERSION ""
| #define PACKAGE_STRING ""
| #define PACKAGE_BUGREPORT ""
| #define PACKAGE "newest"
| #define VERSION "0.1"
| #define _GNU_SOURCE 1
| #define STDC_HEADERS 1
| #define HAVE_SYS_TYPES_H 1
| #define HAVE_SYS_STAT_H 1
| #define HAVE_STDLIB_H 1
| #define HAVE_STRING_H 1
| #define HAVE_MEMORY_H 1
| #define HAVE_STRINGS_H 1
| #define HAVE_INTTYPES_H 1
| #define HAVE_STDINT_H 1
| #define HAVE_UNISTD_H 1
| #define __EXTENSIONS__ 1
| #define _ALL_SOURCE 1
| #define _GNU_SOURCE 1
| #define _POSIX_PTHREAD_SEMANTICS 1
| #define _TANDEM_SOURCE 1
| #define HAVE_DLFCN_H 1
| /* end confdefs.h.  */
| 
| int
| main ()
| {
| #ifndef __GNUC__
|        choke me
| #endif
| 
|   ;
|   return 0;
| }
configure:5720: result: no
configure:5725: checking whether g++ accepts -g
configure:5755: g++ -c -g  conftest.cpp >&5
./configure: line 5756: g++: command not found
configure:5761: $? = 127
configure: failed program was:
| /* confdefs.h.  */
| #define PACKAGE_NAME ""
| #define PACKAGE_TARNAME ""
| #define PACKAGE_VERSION ""
| #define PACKAGE_STRING ""
| #define PACKAGE_BUGREPORT ""
| #define PACKAGE "newest"
| #define VERSION "0.1"
| #define _GNU_SOURCE 1
| #define STDC_HEADERS 1
| #define HAVE_SYS_TYPES_H 1
| #define HAVE_SYS_STAT_H 1
| #define HAVE_STDLIB_H 1
| #define HAVE_STRING_H 1
| #define HAVE_MEMORY_H 1
| #define HAVE_STRINGS_H 1
| #define HAVE_INTTYPES_H 1
| #define HAVE_STDINT_H 1
| #define HAVE_UNISTD_H 1
| #define __EXTENSIONS__ 1
| #define _ALL_SOURCE 1
| #define _GNU_SOURCE 1
| #define _POSIX_PTHREAD_SEMANTICS 1
| #define _TANDEM_SOURCE 1
| #define HAVE_DLFCN_H 1
| /* end confdefs.h.  */
| 
| int
| main ()
| {
| 
|   ;
|   return 0;
| }
configure:5793: g++ -c   conftest.cpp >&5
./configure: line 5794: g++: command not found
configure:5799: $? = 127
configure: failed program was:
| /* confdefs.h.  */
| #define PACKAGE_NAME ""
| #define PACKAGE_TARNAME ""
| #define PACKAGE_VERSION ""
| #define PACKAGE_STRING ""
| #define PACKAGE_BUGREPORT ""
| #define PACKAGE "newest"
| #define VERSION "0.1"
| #define _GNU_SOURCE 1
| #define STDC_HEADERS 1
| #define HAVE_SYS_TYPES_H 1
| #define HAVE_SYS_STAT_H 1
| #define HAVE_STDLIB_H 1
| #define HAVE_STRING_H 1
| #define HAVE_MEMORY_H 1
| #define HAVE_STRINGS_H 1
| #define HAVE_INTTYPES_H 1
| #define HAVE_STDINT_H 1
| #define HAVE_UNISTD_H 1
| #define __EXTENSIONS__ 1
| #define _ALL_SOURCE 1
| #define _GNU_SOURCE 1
| #define _POSIX_PTHREAD_SEMANTICS 1
| #define _TANDEM_SOURCE 1
| #define HAVE_DLFCN_H 1
| /* end confdefs.h.  */
| 
| int
| main ()
| {
| 
|   ;
|   return 0;
| }
configure:5832: g++ -c -g  conftest.cpp >&5
./configure: line 5833: g++: command not found
configure:5838: $? = 127
configure: failed program was:
| /* confdefs.h.  */
| #define PACKAGE_NAME ""
| #define PACKAGE_TARNAME ""
| #define PACKAGE_VERSION ""
| #define PACKAGE_STRING ""
| #define PACKAGE_BUGREPORT ""
| #define PACKAGE "newest"
| #define VERSION "0.1"
| #define _GNU_SOURCE 1
| #define STDC_HEADERS 1
| #define HAVE_SYS_TYPES_H 1
| #define HAVE_SYS_STAT_H 1
| #define HAVE_STDLIB_H 1
| #define HAVE_STRING_H 1
| #define HAVE_MEMORY_H 1
| #define HAVE_STRINGS_H 1
| #define HAVE_INTTYPES_H 1
| #define HAVE_STDINT_H 1
| #define HAVE_UNISTD_H 1
| #define __EXTENSIONS__ 1
| #define _ALL_SOURCE 1
| #define _GNU_SOURCE 1
| #define _POSIX_PTHREAD_SEMANTICS 1
| #define _TANDEM_SOURCE 1
| #define HAVE_DLFCN_H 1
| /* end confdefs.h.  */
| 
| int
| main ()
| {
| 
|   ;
|   return 0;
| }
configure:5860: result: no
configure:5885: checking dependency style of g++
configure:5976: result: none
configure:6278: checking for g77
configure:6308: result: no
configure:6278: checking for xlf
configure:6308: result: no
configure:6278: checking for f77
configure:6308: result: no
configure:6278: checking for frt
configure:6308: result: no
configure:6278: checking for pgf77
configure:6308: result: no
configure:6278: checking for cf77
configure:6308: result: no
configure:6278: checking for fort77
configure:6308: result: no
configure:6278: checking for fl32
configure:6308: result: no
configure:6278: checking for af77
configure:6308: result: no
configure:6278: checking for xlf90
configure:6308: result: no
configure:6278: checking for f90
configure:6308: result: no
configure:6278: checking for pgf90
configure:6308: result: no
configure:6278: checking for pghpf
configure:6308: result: no
configure:6278: checking for epcf90
configure:6308: result: no
configure:6278: checking for gfortran
configure:6308: result: no
configure:6278: checking for g95
configure:6308: result: no
configure:6278: checking for xlf95
configure:6308: result: no
configure:6278: checking for f95
configure:6308: result: no
configure:6278: checking for fort
configure:6308: result: no
configure:6278: checking for ifort
configure:6308: result: no
configure:6278: checking for ifc
configure:6308: result: no
configure:6278: checking for efc
configure:6308: result: no
configure:6278: checking for pgf95
configure:6308: result: no
configure:6278: checking for lf95
configure:6308: result: no
configure:6278: checking for ftn
configure:6308: result: no
configure:6335: checking for Fortran 77 compiler version
configure:6342:  --version >&5
./configure: line 6343: --version: command not found
configure:6345: $? = 127
configure:6352:  -v >&5
./configure: line 6353: -v: command not found
configure:6355: $? = 127
configure:6362:  -V >&5
./configure: line 6363: -V: command not found
configure:6365: $? = 127
configure:6373: checking whether we are using the GNU Fortran 77 compiler
configure:6392:  -c  conftest.F >&5
./configure: line 6393: -c: command not found
configure:6398: $? = 127
configure: failed program was:
|       program main
| #ifndef __GNUC__
|        choke me
| #endif
| 
|       end
configure:6415: result: no
configure:6421: checking whether  accepts -g
configure:6438:  -c -g conftest.f >&5
./configure: line 6439: -c: command not found
configure:6444: $? = 127
configure: failed program was:
|       program main
| 
|       end
configure:6460: result: no
configure:6490: checking the maximum length of command line arguments
configure:6599: result: 32768
configure:6610: checking command to parse /usr/bin/nm -B output from gcc object
configure:6715: gcc -c -g -O2  conftest.c >&5
configure:6718: $? = 0
configure:6722: /usr/bin/nm -B conftest.o \| sed -n -e 's/^.*[ 	]\([ABCDGIRSTW][ABCDGIRSTW]*\)[ 	][ 	]*\([_A-Za-z][_A-Za-z0-9]*\)$/\1 \2 \2/p' \> conftest.nm
configure:6725: $? = 0
configure:6777: gcc -o conftest -g -O2   conftest.c conftstm.o >&5
configure:6780: $? = 0
configure:6818: result: ok
configure:6822: checking for objdir
configure:6837: result: .libs
configure:6929: checking for ar
configure:6945: found /usr/bin/ar
configure:6956: result: ar
configure:7025: checking for ranlib
configure:7052: result: ranlib
configure:7121: checking for strip
configure:7137: found /usr/bin/strip
configure:7148: result: strip
configure:7434: checking if gcc supports -fno-rtti -fno-exceptions
configure:7452: gcc -c -g -O2  -fno-rtti -fno-exceptions conftest.c >&5
cc1: warning: command line option "-fno-rtti" is valid for C++/ObjC++ but not for C
configure:7456: $? = 0
configure:7469: result: no
configure:7484: checking for gcc option to produce PIC
configure:7694: result: -fPIC
configure:7702: checking if gcc PIC flag -fPIC works
configure:7720: gcc -c -g -O2  -fPIC -DPIC conftest.c >&5
configure:7724: $? = 0
configure:7737: result: yes
configure:7765: checking if gcc static flag -static works
configure:7793: result: yes
configure:7803: checking if gcc supports -c -o file.o
configure:7824: gcc -c -g -O2  -o out/conftest2.o conftest.c >&5
configure:7828: $? = 0
configure:7850: result: yes
configure:7876: checking whether the gcc linker (/usr/bin/ld -m elf_x86_64) supports shared libraries
configure:8831: result: yes
configure:8852: checking whether -lc should be explicitly linked in
configure:8857: gcc -c -g -O2  conftest.c >&5
configure:8860: $? = 0
configure:8875: gcc -shared conftest.o  -v -Wl,-soname -Wl,conftest -o conftest 2\>\&1 \| grep  -lc  \>/dev/null 2\>\&1
configure:8878: $? = 0
configure:8890: result: no
configure:8898: checking dynamic linker characteristics
configure:9474: result: GNU/Linux ld.so
configure:9483: checking how to hardcode library paths into programs
configure:9508: result: immediate
configure:9522: checking whether stripping libraries is possible
configure:9527: result: yes
configure:10328: checking if libtool supports shared libraries
configure:10330: result: yes
configure:10333: checking whether to build shared libraries
configure:10354: result: yes
configure:10357: checking whether to build static libraries
configure:10361: result: yes
configure:10453: creating libtool
configure:19542: checking for strtol
configure:19598: gcc -o conftest -g -O2   conftest.c  >&5
configure:19604: $? = 0
configure:19622: result: yes
configure:19542: checking for nftw
configure:19598: gcc -o conftest -g -O2   conftest.c  >&5
configure:19604: $? = 0
configure:19622: result: yes
configure:19632: checking for an ANSI C-conforming const
configure:19707: gcc -c -g -O2  conftest.c >&5
configure:19713: $? = 0
configure:19728: result: yes
configure:19756: checking getopt.h usability
configure:19773: gcc -c -g -O2  conftest.c >&5
configure:19779: $? = 0
configure:19793: result: yes
configure:19797: checking getopt.h presence
configure:19812: gcc -E  conftest.c
configure:19818: $? = 0
configure:19832: result: yes
configure:19860: checking for getopt.h
configure:19868: result: yes
configure:19890: checking for getopt_long_only
configure:19946: gcc -o conftest -g -O2   conftest.c  >&5
configure:19952: $? = 0
configure:19970: result: yes
configure:19985: checking whether optreset is declared
configure:20015: gcc -c -g -O2  conftest.c >&5
conftest.c: In function 'main':
conftest.c:37: error: 'optreset' undeclared (first use in this function)
conftest.c:37: error: (Each undeclared identifier is reported only once
conftest.c:37: error: for each function it appears in.)
configure:20021: $? = 1
configure: failed program was:
| /* confdefs.h.  */
| #define PACKAGE_NAME ""
| #define PACKAGE_TARNAME ""
| #define PACKAGE_VERSION ""
| #define PACKAGE_STRING ""
| #define PACKAGE_BUGREPORT ""
| #define PACKAGE "newest"
| #define VERSION "0.1"
| #define _GNU_SOURCE 1
| #define STDC_HEADERS 1
| #define HAVE_SYS_TYPES_H 1
| #define HAVE_SYS_STAT_H 1
| #define HAVE_STDLIB_H 1
| #define HAVE_STRING_H 1
| #define HAVE_MEMORY_H 1
| #define HAVE_STRINGS_H 1
| #define HAVE_INTTYPES_H 1
| #define HAVE_STDINT_H 1
| #define HAVE_UNISTD_H 1
| #define __EXTENSIONS__ 1
| #define _ALL_SOURCE 1
| #define _GNU_SOURCE 1
| #define _POSIX_PTHREAD_SEMANTICS 1
| #define _TANDEM_SOURCE 1
| #define HAVE_DLFCN_H 1
| #define HAVE_STRTOL 1
| #define HAVE_NFTW 1
| #define HAVE_GETOPT_H 1
| #define HAVE_GETOPT_LONG_ONLY 1
| /* end confdefs.h.  */
| #include <getopt.h>
| 
| int
| main ()
| {
| #ifndef optreset
|   (void) optreset;
| #endif
| 
|   ;
|   return 0;
| }
configure:20036: result: no
configure:20045: checking for working GNU getopt function
configure:20138: gcc -o conftest -g -O2   conftest.c  >&5
configure:20141: $? = 0
configure:20147: ./conftest
conftest: invalid option -- +
configure:20150: $? = 0
configure:20166: result: yes
configure:20174: checking whether getenv is declared
configure:20203: gcc -c -g -O2  conftest.c >&5
configure:20209: $? = 0
configure:20224: result: yes
configure:20244: checking whether malloc, realloc, calloc are POSIX compliant
configure:20274: gcc -c -g -O2  conftest.c >&5
configure:20280: $? = 0
configure:20296: result: yes
configure:20313: checking for stdbool.h that conforms to C99
configure:20406: gcc -c -g -O2  conftest.c >&5
configure:20412: $? = 0
configure:20427: result: yes
configure:20429: checking for _Bool
configure:20459: gcc -c -g -O2  conftest.c >&5
configure:20465: $? = 0
configure:20480: result: yes
configure:20500: checking whether the preprocessor supports include_next
configure:20533: gcc -c -g -O2  -Iconftestd1 -Iconftestd2 conftest.c >&5
configure:20539: $? = 0
configure:20557: result: yes
configure:20582: checking for stdlib.h
configure:20588: result: yes
configure:20582: checking for string.h
configure:20588: result: yes
configure:20582: checking for unistd.h
configure:20588: result: yes
configure:20768: checking whether strdup is declared
configure:20797: gcc -c -g -O2  conftest.c >&5
configure:20803: $? = 0
configure:20818: result: yes
configure:20837: checking for C/C++ restrict keyword
configure:20873: gcc -c -g -O2  conftest.c >&5
conftest.c:40: error: expected ';', ',' or ')' before 'ip'
conftest.c: In function 'main':
conftest.c:47: error: expected '=', ',', ';', 'asm' or '__attribute__' before 't'
conftest.c:47: error: 't' undeclared (first use in this function)
conftest.c:47: error: (Each undeclared identifier is reported only once
conftest.c:47: error: for each function it appears in.)
configure:20879: $? = 1
configure: failed program was:
| /* confdefs.h.  */
| #define PACKAGE_NAME ""
| #define PACKAGE_TARNAME ""
| #define PACKAGE_VERSION ""
| #define PACKAGE_STRING ""
| #define PACKAGE_BUGREPORT ""
| #define PACKAGE "newest"
| #define VERSION "0.1"
| #define _GNU_SOURCE 1
| #define STDC_HEADERS 1
| #define HAVE_SYS_TYPES_H 1
| #define HAVE_SYS_STAT_H 1
| #define HAVE_STDLIB_H 1
| #define HAVE_STRING_H 1
| #define HAVE_MEMORY_H 1
| #define HAVE_STRINGS_H 1
| #define HAVE_INTTYPES_H 1
| #define HAVE_STDINT_H 1
| #define HAVE_UNISTD_H 1
| #define __EXTENSIONS__ 1
| #define _ALL_SOURCE 1
| #define _GNU_SOURCE 1
| #define _POSIX_PTHREAD_SEMANTICS 1
| #define _TANDEM_SOURCE 1
| #define HAVE_DLFCN_H 1
| #define HAVE_STRTOL 1
| #define HAVE_NFTW 1
| #define HAVE_GETOPT_H 1
| #define HAVE_GETOPT_LONG_ONLY 1
| #define HAVE_DECL_GETENV 1
| #define HAVE__BOOL 1
| #define HAVE_STDBOOL_H 1
| #define HAVE_INCLUDE_NEXT 1
| #define HAVE_STDLIB_H 1
| #define HAVE_STRING_H 1
| #define HAVE_UNISTD_H 1
| #define HAVE_DECL_STRDUP 1
| /* end confdefs.h.  */
| typedef int * int_ptr;
|         int foo (int_ptr restrict ip) {
|         return ip[0];
|        }
| int
| main ()
| {
| int s[1];
|         int * restrict t = s;
|         t[0] = 0;
|         return foo(t)
|   ;
|   return 0;
| }
configure:20873: gcc -c -g -O2  conftest.c >&5
configure:20879: $? = 0
configure:20897: result: __restrict
configure:21140: checking for strdup
configure:21196: gcc -o conftest -g -O2   conftest.c  >&5
conftest.c:64: warning: conflicting types for built-in function 'strdup'
configure:21202: $? = 0
configure:21220: result: yes
configure:21328: checking for stdlib.h
configure:21334: result: yes
configure:21463: checking for GNU libc compatible malloc
configure:21497: gcc -o conftest -g -O2   conftest.c  >&5
configure:21500: $? = 0
configure:21506: ./conftest
configure:21509: $? = 0
configure:21525: result: yes
configure:21558: checking for stdlib.h
configure:21564: result: yes
configure:21693: checking for GNU libc compatible realloc
configure:21727: gcc -o conftest -g -O2   conftest.c  >&5
configure:21730: $? = 0
configure:21736: ./conftest
configure:21739: $? = 0
configure:21755: result: yes
configure:21783: checking whether lstat dereferences a symlink specified with a trailing slash
configure:21819: gcc -o conftest -g -O2   conftest.c  >&5
configure:21822: $? = 0
configure:21828: ./conftest
configure:21831: $? = 0
configure:21854: result: yes
configure:21873: checking whether stat accepts an empty string
configure:21903: gcc -o conftest -g -O2   conftest.c  >&5
configure:21906: $? = 0
configure:21912: ./conftest
configure:21915: $? = 0
configure:21931: result: no
configure:21990: checking for ranlib
configure:22017: result: ranlib
configure:22043: checking for size_t
configure:22073: gcc -c -g -O2  conftest.c >&5
configure:22079: $? = 0
configure:22094: result: yes
configure:22255: creating ./config.status

## ---------------- ##
## Cache variables. ##
## ---------------- ##

ac_cv_build=x86_64-unknown-linux-gnu
ac_cv_c_compiler_gnu=yes
ac_cv_c_const=yes
ac_cv_c_restrict=__restrict
ac_cv_cxx_compiler_gnu=no
ac_cv_env_CCC_set=
ac_cv_env_CCC_value=
ac_cv_env_CC_set=
ac_cv_env_CC_value=
ac_cv_env_CFLAGS_set=
ac_cv_env_CFLAGS_value=
ac_cv_env_CPPFLAGS_set=
ac_cv_env_CPPFLAGS_value=
ac_cv_env_CPP_set=
ac_cv_env_CPP_value=
ac_cv_env_CXXCPP_set=
ac_cv_env_CXXCPP_value=
ac_cv_env_CXXFLAGS_set=
ac_cv_env_CXXFLAGS_value=
ac_cv_env_CXX_set=
ac_cv_env_CXX_value=
ac_cv_env_F77_set=
ac_cv_env_F77_value=
ac_cv_env_FFLAGS_set=
ac_cv_env_FFLAGS_value=
ac_cv_env_LDFLAGS_set=
ac_cv_env_LDFLAGS_value=
ac_cv_env_LIBS_set=
ac_cv_env_LIBS_value=
ac_cv_env_build_alias_set=
ac_cv_env_build_alias_value=
ac_cv_env_host_alias_set=
ac_cv_env_host_alias_value=
ac_cv_env_target_alias_set=
ac_cv_env_target_alias_value=
ac_cv_f77_compiler_gnu=no
ac_cv_func_getopt_long_only=yes
ac_cv_func_lstat_dereferences_slashed_symlink=yes
ac_cv_func_malloc_0_nonnull=yes
ac_cv_func_nftw=yes
ac_cv_func_realloc_0_nonnull=yes
ac_cv_func_stat_empty_string_bug=no
ac_cv_func_strdup=yes
ac_cv_func_strtol=yes
ac_cv_have_decl_getenv=yes
ac_cv_have_decl_optreset=no
ac_cv_have_decl_strdup=yes
ac_cv_header_dlfcn_h=yes
ac_cv_header_getopt_h=yes
ac_cv_header_inttypes_h=yes
ac_cv_header_memory_h=yes
ac_cv_header_minix_config_h=no
ac_cv_header_stdbool_h=yes
ac_cv_header_stdc=yes
ac_cv_header_stdint_h=yes
ac_cv_header_stdlib_h=yes
ac_cv_header_string_h=yes
ac_cv_header_strings_h=yes
ac_cv_header_sys_stat_h=yes
ac_cv_header_sys_types_h=yes
ac_cv_header_unistd_h=yes
ac_cv_host=x86_64-unknown-linux-gnu
ac_cv_objext=o
ac_cv_path_EGREP='/bin/grep -E'
ac_cv_path_GREP=/bin/grep
ac_cv_path_install='/usr/bin/install -c'
ac_cv_path_mkdir=/bin/mkdir
ac_cv_prog_AWK=mawk
ac_cv_prog_CPP='gcc -E'
ac_cv_prog_ac_ct_AR=ar
ac_cv_prog_ac_ct_CC=gcc
ac_cv_prog_ac_ct_RANLIB=ranlib
ac_cv_prog_ac_ct_STRIP=strip
ac_cv_prog_cc_c89=
ac_cv_prog_cc_g=yes
ac_cv_prog_cxx_g=no
ac_cv_prog_f77_g=no
ac_cv_prog_make_make_set=yes
ac_cv_safe_to_define___extensions__=yes
ac_cv_type__Bool=yes
ac_cv_type_size_t=yes
am_cv_CC_dependencies_compiler_type=gcc3
am_cv_CXX_dependencies_compiler_type=none
gl_cv_func_gnu_getopt=yes
gl_cv_func_malloc_posix=yes
gl_cv_have_include_next=yes
gl_cv_next_stdlib_h='<stdlib.h>'
gl_cv_next_string_h='<string.h>'
gl_cv_next_unistd_h='<unistd.h>'
lt_cv_deplibs_check_method=pass_all
lt_cv_file_magic_cmd='$MAGIC_CMD'
lt_cv_file_magic_test_file=
lt_cv_ld_reload_flag=-r
lt_cv_objdir=.libs
lt_cv_path_LD=/usr/bin/ld
lt_cv_path_NM='/usr/bin/nm -B'
lt_cv_path_SED=/bin/sed
lt_cv_prog_compiler_c_o=yes
lt_cv_prog_compiler_rtti_exceptions=no
lt_cv_prog_gnu_ld=yes
lt_cv_sys_global_symbol_pipe='sed -n -e '\''s/^.*[ 	]\([ABCDGIRSTW][ABCDGIRSTW]*\)[ 	][ 	]*\([_A-Za-z][_A-Za-z0-9]*\)$/\1 \2 \2/p'\'''
lt_cv_sys_global_symbol_to_c_name_address='sed -n -e '\''s/^: \([^ ]*\) $/  {\"\1\", (lt_ptr) 0},/p'\'' -e '\''s/^[BCDEGRST] \([^ ]*\) \([^ ]*\)$/  {"\2", (lt_ptr) \&\2},/p'\'''
lt_cv_sys_global_symbol_to_cdecl='sed -n -e '\''s/^. .* \(.*\)$/extern int \1;/p'\'''
lt_cv_sys_max_cmd_len=32768
lt_lt_cv_prog_compiler_c_o='"yes"'
lt_lt_cv_sys_global_symbol_pipe='"sed -n -e '\''s/^.*[ 	]\\([ABCDGIRSTW][ABCDGIRSTW]*\\)[ 	][ 	]*\\([_A-Za-z][_A-Za-z0-9]*\\)\$/\\1 \\2 \\2/p'\''"'
lt_lt_cv_sys_global_symbol_to_c_name_address='"sed -n -e '\''s/^: \\([^ ]*\\) \$/  {\\\"\\1\\\", (lt_ptr) 0},/p'\'' -e '\''s/^[BCDEGRST] \\([^ ]*\\) \\([^ ]*\\)\$/  {\"\\2\", (lt_ptr) \\&\\2},/p'\''"'
lt_lt_cv_sys_global_symbol_to_cdecl='"sed -n -e '\''s/^. .* \\(.*\\)\$/extern int \\1;/p'\''"'

## ----------------- ##
## Output variables. ##
## ----------------- ##

ACLOCAL='${SHELL} /home/dallas/newest/missing --run aclocal-1.10'
AMDEPBACKSLASH='\'
AMDEP_FALSE='#'
AMDEP_TRUE=''
AMTAR='${SHELL} /home/dallas/newest/missing --run tar'
AR='ar'
AUTOCONF='${SHELL} /home/dallas/newest/missing --run autoconf'
AUTOHEADER='${SHELL} /home/dallas/newest/missing --run autoheader'
AUTOMAKE='${SHELL} /home/dallas/newest/missing --run automake-1.10'
AWK='mawk'
CC='gcc'
CCDEPMODE='depmode=gcc3'
CFLAGS='-g -O2'
CPP='gcc -E'
CPPFLAGS=''
CXX='g++'
CXXCPP=''
CXXDEPMODE='depmode=none'
CXXFLAGS=''
CYGPATH_W='echo'
DEFS='-DHAVE_CONFIG_H'
DEPDIR='.deps'
ECHO='echo'
ECHO_C=''
ECHO_N='-n'
ECHO_T=''
EGREP='/bin/grep -E'
EXEEXT=''
F77=''
FFLAGS=''
GETOPT_H=''
GL_COND_LIBTOOL_FALSE='#'
GL_COND_LIBTOOL_TRUE=''
GNULIB_CALLOC_POSIX='0'
GNULIB_CHOWN='0'
GNULIB_DUP2='0'
GNULIB_FCHDIR='0'
GNULIB_FTRUNCATE='0'
GNULIB_GETCWD='0'
GNULIB_GETLOGIN_R='0'
GNULIB_GETSUBOPT='0'
GNULIB_LCHOWN='0'
GNULIB_LSEEK='0'
GNULIB_MALLOC_POSIX='1'
GNULIB_MBSCASECMP='0'
GNULIB_MBSCASESTR='0'
GNULIB_MBSCHR='0'
GNULIB_MBSCSPN='0'
GNULIB_MBSLEN='0'
GNULIB_MBSNCASECMP='0'
GNULIB_MBSNLEN='0'
GNULIB_MBSPBRK='0'
GNULIB_MBSPCASECMP='0'
GNULIB_MBSRCHR='0'
GNULIB_MBSSEP='0'
GNULIB_MBSSPN='0'
GNULIB_MBSSTR='0'
GNULIB_MBSTOK_R='0'
GNULIB_MEMMEM='0'
GNULIB_MEMPCPY='0'
GNULIB_MEMRCHR='0'
GNULIB_MKDTEMP='0'
GNULIB_MKSTEMP='0'
GNULIB_READLINK='0'
GNULIB_REALLOC_POSIX='0'
GNULIB_SLEEP='0'
GNULIB_STPCPY='0'
GNULIB_STPNCPY='0'
GNULIB_STRCASESTR='0'
GNULIB_STRCHRNUL='0'
GNULIB_STRDUP='1'
GNULIB_STRNDUP='0'
GNULIB_STRNLEN='0'
GNULIB_STRPBRK='0'
GNULIB_STRSEP='0'
GNULIB_STRTOK_R='0'
GREP='/bin/grep'
HAVE_CALLOC_POSIX='1'
HAVE_DECL_GETLOGIN_R='1'
HAVE_DECL_MEMMEM='1'
HAVE_DECL_MEMRCHR='1'
HAVE_DECL_STRDUP='1'
HAVE_DECL_STRNCASECMP='1'
HAVE_DECL_STRNDUP='1'
HAVE_DECL_STRNLEN='1'
HAVE_DECL_STRTOK_R='1'
HAVE_DUP2='1'
HAVE_FTRUNCATE='1'
HAVE_GETSUBOPT='1'
HAVE_MALLOC_POSIX='1'
HAVE_MEMPCPY='1'
HAVE_MKDTEMP='1'
HAVE_READLINK='1'
HAVE_REALLOC_POSIX='1'
HAVE_SLEEP='1'
HAVE_STPCPY='1'
HAVE_STPNCPY='1'
HAVE_STRCASECMP='1'
HAVE_STRCASESTR='1'
HAVE_STRCHRNUL='1'
HAVE_STRNDUP='1'
HAVE_STRPBRK='1'
HAVE_STRSEP='1'
HAVE_UNISTD_H='1'
HAVE__BOOL='1'
INCLUDE_NEXT='include_next'
INSTALL_DATA='${INSTALL} -m 644'
INSTALL_PROGRAM='${INSTALL}'
INSTALL_SCRIPT='${INSTALL}'
INSTALL_STRIP_PROGRAM='$(install_sh) -c -s'
LDFLAGS=''
LIBINTL=''
LIBOBJS=''
LIBS=''
LIBTOOL='$(SHELL) $(top_builddir)/libtool'
LN_S='ln -s'
LTLIBINTL=''
LTLIBOBJS=''
MAKEINFO='${SHELL} /home/dallas/newest/missing --run makeinfo'
NEXT_STDLIB_H='<stdlib.h>'
NEXT_STRING_H='<string.h>'
NEXT_UNISTD_H='<unistd.h>'
OBJEXT='o'
PACKAGE='newest'
PACKAGE_BUGREPORT=''
PACKAGE_NAME=''
PACKAGE_STRING=''
PACKAGE_TARNAME=''
PACKAGE_VERSION=''
PATH_SEPARATOR=':'
RANLIB='ranlib'
REPLACE_CHOWN='0'
REPLACE_FCHDIR='0'
REPLACE_GETCWD='0'
REPLACE_LCHOWN='0'
REPLACE_LSEEK='0'
REPLACE_MKSTEMP='0'
SET_MAKE=''
SHELL='/bin/sh'
STDBOOL_H=''
STRIP='strip'
VERSION='0.1'
ac_ct_CC='gcc'
ac_ct_CXX=''
ac_ct_F77=''
am__fastdepCC_FALSE='#'
am__fastdepCC_TRUE=''
am__fastdepCXX_FALSE=''
am__fastdepCXX_TRUE='#'
am__include='include'
am__isrc=''
am__leading_dot='.'
am__quote=''
am__tar='${AMTAR} chof - "$$tardir"'
am__untar='${AMTAR} xf -'
bindir='${exec_prefix}/bin'
build='x86_64-unknown-linux-gnu'
build_alias=''
build_cpu='x86_64'
build_os='linux-gnu'
build_vendor='unknown'
datadir='${datarootdir}'
datarootdir='${prefix}/share'
docdir='${datarootdir}/doc/${PACKAGE}'
dvidir='${docdir}'
exec_prefix='${prefix}'
gl_LIBOBJS=''
gl_LTLIBOBJS=''
host='x86_64-unknown-linux-gnu'
host_alias=''
host_cpu='x86_64'
host_os='linux-gnu'
host_vendor='unknown'
htmldir='${docdir}'
includedir='${prefix}/include'
infodir='${datarootdir}/info'
install_sh='$(SHELL) /home/dallas/newest/install-sh'
libdir='${exec_prefix}/lib'
libexecdir='${exec_prefix}/libexec'
localedir='${datarootdir}/locale'
localstatedir='${prefix}/var'
mandir='${datarootdir}/man'
mkdir_p='/bin/mkdir -p'
oldincludedir='/usr/include'
pdfdir='${docdir}'
prefix='/usr/local'
program_transform_name='s,x,x,'
psdir='${docdir}'
sbindir='${exec_prefix}/sbin'
sharedstatedir='${prefix}/com'
sysconfdir='${prefix}/etc'
target_alias=''

## ----------- ##
## confdefs.h. ##
## ----------- ##

#define PACKAGE_NAME ""
#define PACKAGE_TARNAME ""
#define PACKAGE_VERSION ""
#define PACKAGE_STRING ""
#define PACKAGE_BUGREPORT ""
#define PACKAGE "newest"
#define VERSION "0.1"
#define _GNU_SOURCE 1
#define STDC_HEADERS 1
#define HAVE_SYS_TYPES_H 1
#define HAVE_SYS_STAT_H 1
#define HAVE_STDLIB_H 1
#define HAVE_STRING_H 1
#define HAVE_MEMORY_H 1
#define HAVE_STRINGS_H 1
#define HAVE_INTTYPES_H 1
#define HAVE_STDINT_H 1
#define HAVE_UNISTD_H 1
#define __EXTENSIONS__ 1
#define _ALL_SOURCE 1
#define _GNU_SOURCE 1
#define _POSIX_PTHREAD_SEMANTICS 1
#define _TANDEM_SOURCE 1
#define HAVE_DLFCN_H 1
#define HAVE_STRTOL 1
#define HAVE_NFTW 1
#define HAVE_GETOPT_H 1
#define HAVE_GETOPT_LONG_ONLY 1
#define HAVE_DECL_GETENV 1
#define HAVE__BOOL 1
#define HAVE_STDBOOL_H 1
#define HAVE_INCLUDE_NEXT 1
#define HAVE_STDLIB_H 1
#define HAVE_STRING_H 1
#define HAVE_UNISTD_H 1
#define HAVE_DECL_STRDUP 1
#define restrict __restrict
#define HAVE_MALLOC_POSIX 1
#define HAVE_STRDUP 1
#define HAVE_STDLIB_H 1
#define HAVE_MALLOC 1
#define HAVE_STDLIB_H 1
#define HAVE_REALLOC 1
#define LSTAT_FOLLOWS_SLASHED_SYMLINK 1

configure: exit 0

## ---------------------- ##
## Running config.status. ##
## ---------------------- ##

This file was extended by config.status, which was
generated by GNU Autoconf 2.61.  Invocation command line was

  CONFIG_FILES    = 
  CONFIG_HEADERS  = 
  CONFIG_LINKS    = 
  CONFIG_COMMANDS = 
  $ ./config.status 

on zoopark

config.status:752: creating Makefile
config.status:752: creating lib/Makefile
config.status:752: creating src/Makefile
config.status:752: creating config.h
config.status:1005: config.h is unchanged
config.status:1051: executing depfiles commands

## ---------------------- ##
## Running config.status. ##
## ---------------------- ##

This file was extended by config.status, which was
generated by GNU Autoconf 2.61.  Invocation command line was

  CONFIG_FILES    = 
  CONFIG_HEADERS  = 
  CONFIG_LINKS    = 
  CONFIG_COMMANDS = 
  $ ./config.status config.h

on zoopark

config.status:752: creating config.h
